<?xml version="1.0" encoding="UTF-8"?>
<!-- Generated by org.testng.reporters.JUnitReportReporter -->
<testsuite hostname="Thien-Acer" failures="0" tests="3" name="TestNG.FogetPassWord" time="2.434" errors="0" timestamp="2021-10-22T09:07:44 ICT" skipped="1">
  <testcase classname="TestNG.FogetPassWord" name="FP_01" time="2.116"/>
  <system-out/>
  <testcase classname="TestNG.FogetPassWord" name="FP_02" time="0.318"/>
  <system-out/>
  <testcase classname="TestNG.FogetPassWord" name="FP_03">
    <skipped/>
  </testcase> <!-- FP_03 -->
  <system-out/>
</testsuite> <!-- TestNG.FogetPassWord -->
