<?xml version="1.0" encoding="UTF-8"?>
<!-- Generated by org.testng.reporters.JUnitReportReporter -->
<testsuite hostname="Thien-Acer" failures="0" tests="5" name="TestNG.Login_test" time="4.896" errors="0" timestamp="2021-10-22T09:00:15 ICT" skipped="1">
  <testcase classname="TestNG.Login_test" name="LG_01" time="2.242"/>
  <system-out/>
  <testcase classname="TestNG.Login_test" name="LG_03" time="0.698"/>
  <system-out/>
  <testcase classname="TestNG.Login_test" name="LG_04" time="0.635"/>
  <system-out/>
  <testcase classname="TestNG.Login_test" name="LG_02" time="1.321"/>
  <system-out/>
  <testcase classname="TestNG.Login_test" name="close_noti">
    <skipped/>
  </testcase> <!-- close_noti -->
  <system-out/>
</testsuite> <!-- TestNG.Login_test -->
