<?xml version="1.0" encoding="UTF-8"?>
<!-- Generated by org.testng.reporters.JUnitReportReporter -->
<testsuite hostname="Thien-Acer" failures="0" tests="3" name="TestNG.FogetPassWord" time="1.841" errors="0" timestamp="2021-10-23T11:54:20 ICT" skipped="2">
  <testcase classname="TestNG.FogetPassWord" name="FP_01" time="1.841"/>
  <system-out/>
  <testcase classname="TestNG.FogetPassWord" name="FP_03">
    <skipped/>
  </testcase> <!-- FP_03 -->
  <system-out/>
  <testcase classname="TestNG.FogetPassWord" name="FP_02">
    <skipped/>
  </testcase> <!-- FP_02 -->
  <system-out/>
</testsuite> <!-- TestNG.FogetPassWord -->
