<?xml version="1.0" encoding="UTF-8"?>
<!-- Generated by org.testng.reporters.JUnitReportReporter -->
<testsuite hostname="Thien-Acer" failures="0" tests="5" name="TestNG.LG_test" time="95.732" errors="0" timestamp="2021-10-20T14:12:31 ICT" skipped="1">
  <testcase classname="TestNG.LG_test" name="LG_01" time="13.634"/>
  <system-out/>
  <testcase classname="TestNG.LG_test" name="LG_03" time="8.652"/>
  <system-out/>
  <testcase classname="TestNG.LG_test" name="LG_04" time="10.538"/>
  <system-out/>
  <testcase classname="TestNG.LG_test" name="LG_02" time="62.908"/>
  <system-out/>
  <testcase classname="TestNG.LG_test" name="close_noti">
    <skipped/>
  </testcase> <!-- close_noti -->
  <system-out/>
</testsuite> <!-- TestNG.LG_test -->
